  HerreraSanchezDiegoCesar_ProyectoFinal_GPO04.cpp
C:\Users\DX-Style\Documents\Facultad\Semestre_09\Computacion_Grafica\Proyecto_Final\ProyectoFinal\ProyectoFinal\HerreraSanchezDiegoCesar_ProyectoFinal_GPO04.cpp(356,24): warning C4244: 'inicializando': conversión de 'double' a 'GLfloat'; posible pérdida de datos
C:\Users\DX-Style\Documents\Facultad\Semestre_09\Computacion_Grafica\Proyecto_Final\ProyectoFinal\ProyectoFinal\HerreraSanchezDiegoCesar_ProyectoFinal_GPO04.cpp(625,20): warning C4305: '+=': truncamiento de 'double' a 'float'
C:\Users\DX-Style\Documents\Facultad\Semestre_09\Computacion_Grafica\Proyecto_Final\ProyectoFinal\ProyectoFinal\HerreraSanchezDiegoCesar_ProyectoFinal_GPO04.cpp(780,11): warning C4244: '=': conversión de 'double' a 'GLfloat'; posible pérdida de datos
C:\Users\DX-Style\Documents\Facultad\Semestre_09\Computacion_Grafica\Proyecto_Final\ProyectoFinal\ProyectoFinal\HerreraSanchezDiegoCesar_ProyectoFinal_GPO04.cpp(781,11): warning C4244: '=': conversión de 'double' a 'GLfloat'; posible pérdida de datos
C:\Users\DX-Style\Documents\Facultad\Semestre_09\Computacion_Grafica\Proyecto_Final\ProyectoFinal\ProyectoFinal\HerreraSanchezDiegoCesar_ProyectoFinal_GPO04.cpp(785,18): warning C4244: 'inicializando': conversión de 'double' a 'GLfloat'; posible pérdida de datos
C:\Users\DX-Style\Documents\Facultad\Semestre_09\Computacion_Grafica\Proyecto_Final\ProyectoFinal\ProyectoFinal\HerreraSanchezDiegoCesar_ProyectoFinal_GPO04.cpp(786,18): warning C4244: 'inicializando': conversión de 'double' a 'GLfloat'; posible pérdida de datos
C:\Users\DX-Style\Documents\Facultad\Semestre_09\Computacion_Grafica\Proyecto_Final\ProyectoFinal\ProyectoFinal\HerreraSanchezDiegoCesar_ProyectoFinal_GPO04.cpp(788,10): warning C4244: '=': conversión de 'double' a 'GLfloat'; posible pérdida de datos
C:\Users\DX-Style\Documents\Facultad\Semestre_09\Computacion_Grafica\Proyecto_Final\ProyectoFinal\ProyectoFinal\HerreraSanchezDiegoCesar_ProyectoFinal_GPO04.cpp(789,10): warning C4244: '=': conversión de 'double' a 'GLfloat'; posible pérdida de datos
soil2-debug.lib(SOIL2.obj) : warning LNK4075: se omite '/EDITANDCONTINUE' debido a la especificación '/OPT:ICF'
LINK : warning LNK4098: la biblioteca predeterminada'MSVCRTD' entra en conflicto con otras bibliotecas; use la biblioteca /NODEFAULTLIB:biblioteca
  Generando código
  1 of 636 functions ( 0.2%) were compiled, the rest were copied from previous compilation.
    0 functions were new in current compilation
    0 functions had inline decision re-evaluated but remain unchanged
  Generación de código finalizada
soil2-debug.lib(etc1_utils.obj) : warning LNK4099: no se encontró PDB 'soil2-debug.pdb' con 'soil2-debug.lib(etc1_utils.obj)' o en 'C:\Users\DX-Style\Documents\Facultad\Semestre_09\Computacion_Grafica\Proyecto_Final\ProyectoFinal\Release\soil2-debug.pdb'; se vinculará el objeto sin tener en cuenta información de depuración
soil2-debug.lib(image_DXT.obj) : warning LNK4099: no se encontró PDB 'soil2-debug.pdb' con 'soil2-debug.lib(image_DXT.obj)' o en 'C:\Users\DX-Style\Documents\Facultad\Semestre_09\Computacion_Grafica\Proyecto_Final\ProyectoFinal\Release\soil2-debug.pdb'; se vinculará el objeto sin tener en cuenta información de depuración
soil2-debug.lib(image_helper.obj) : warning LNK4099: no se encontró PDB '' con 'soil2-debug.lib(image_helper.obj)' o en ''; se vinculará el objeto sin tener en cuenta información de depuración
soil2-debug.lib(SOIL2.obj) : warning LNK4099: no se encontró PDB 'soil2-debug.pdb' con 'soil2-debug.lib(SOIL2.obj)' o en 'C:\Users\DX-Style\Documents\Facultad\Semestre_09\Computacion_Grafica\Proyecto_Final\ProyectoFinal\Release\soil2-debug.pdb'; se vinculará el objeto sin tener en cuenta información de depuración
  ProyectoFinal.vcxproj -> C:\Users\DX-Style\Documents\Facultad\Semestre_09\Computacion_Grafica\Proyecto_Final\ProyectoFinal\Release\ProyectoFinal.exe
